 -------- Execution Stack -------- 
[boolean a ; int v ; a = true ; ( IF (a) THEN (v = 2) ELSE (v = 3)) ; print(v)]
 -------- Symbol  Table -------- 

 -------- Output Console-------- 

 ------------------------------- 


 -------- Execution Stack -------- 
[int v ; a = true ; ( IF (a) THEN (v = 2) ELSE (v = 3)) ; print(v), boolean a]
 -------- Symbol  Table -------- 

 -------- Output Console-------- 

 ------------------------------- 


 -------- Execution Stack -------- 
[int v ; a = true ; ( IF (a) THEN (v = 2) ELSE (v = 3)) ; print(v)]
 -------- Symbol  Table -------- 
a->false

 -------- Output Console-------- 

 ------------------------------- 


 -------- Execution Stack -------- 
[a = true ; ( IF (a) THEN (v = 2) ELSE (v = 3)) ; print(v), int v]
 -------- Symbol  Table -------- 
a->false

 -------- Output Console-------- 

 ------------------------------- 


 -------- Execution Stack -------- 
[a = true ; ( IF (a) THEN (v = 2) ELSE (v = 3)) ; print(v)]
 -------- Symbol  Table -------- 
a->false
v->0

 -------- Output Console-------- 

 ------------------------------- 


 -------- Execution Stack -------- 
[( IF (a) THEN (v = 2) ELSE (v = 3)) ; print(v), a = true]
 -------- Symbol  Table -------- 
a->false
v->0

 -------- Output Console-------- 

 ------------------------------- 


 -------- Execution Stack -------- 
[( IF (a) THEN (v = 2) ELSE (v = 3)) ; print(v)]
 -------- Symbol  Table -------- 
a->true
v->0

 -------- Output Console-------- 

 ------------------------------- 


 -------- Execution Stack -------- 
[print(v), ( IF (a) THEN (v = 2) ELSE (v = 3))]
 -------- Symbol  Table -------- 
a->true
v->0

 -------- Output Console-------- 

 ------------------------------- 


 -------- Execution Stack -------- 
[print(v), v = 2]
 -------- Symbol  Table -------- 
a->true
v->0

 -------- Output Console-------- 

 ------------------------------- 


 -------- Execution Stack -------- 
[print(v)]
 -------- Symbol  Table -------- 
a->true
v->2

 -------- Output Console-------- 

 ------------------------------- 


 -------- Execution Stack -------- 
[]
 -------- Symbol  Table -------- 
a->true
v->2

 -------- Output Console-------- 
2

 ------------------------------- 


